// 重构日志: 4b519343
// 重构日志: bdc167a1
// 重构日志: 96cffbdd
// 重构日志: 01743ca3
// 重构日志: f7878cdd
// 同步 ID: 0c64f2d1 @ Mon Jun 29 15:15:46 UTC 2026
// 重构日志: 40bb30fd
// 同步 ID: 0eadef5b @ Fri Jul  3 21:01:50 UTC 2026
// 重构日志: 51226555
// 重构日志: 202ff2fa
// 重构日志: 83fcfdb5
// 同步 ID: feaaf288 @ Tue Jul  7 11:58:14 UTC 2026
// 重构日志: 60745e76
// 同步 ID: da806d23 @ Sat Jul 11 07:21:46 UTC 2026
// 重构日志: 2344ed4a
// 重构日志: 022ccb20
// 同步 ID: 809585c3 @ Wed Jul 15 13:24:04 UTC 2026
// 重构日志: 7ab7ae6d
// 同步 ID: b6fdfdce @ Sat Jul 18 19:01:04 UTC 2026
// 同步 ID: 07e07a4b @ Sun Jul 19 00:18:39 UTC 2026
// 同步 ID: 8764581c @ Tue Jul 21 17:40:32 UTC 2026
// 重构日志: 41c68624
// 同步 ID: 1166d4a1 @ Fri Jul 24 07:31:07 UTC 2026
// 同步 ID: 5925e2ed @ Fri Jul 24 16:00:31 UTC 2026
